<?xml version="1.0" encoding="UTF-8"?>
<!-- Generated by org.testng.reporters.JUnitReportReporter -->
<testsuite hostname="DESKTOP-FCV5DCP" failures="0" tests="4" name="com.webservice.Testcasses.TC002_POST_RequestMethod" time="1.263" errors="0" timestamp="23 Sep 2019 11:25:30 GMT" skipped="0">
  <testcase classname="com.webservice.Testcasses.TC002_POST_RequestMethod" name="responsebody" time="0.037"/>
  <testcase classname="com.webservice.Testcasses.TC002_POST_RequestMethod" name="checkresponsecode" time="0.008"/>
  <testcase classname="com.webservice.Testcasses.TC002_POST_RequestMethod" name="responsebodyvalues" time="0.012"/>
  <testcase classname="com.webservice.Testcasses.TC002_POST_RequestMethod" name="getvaluesonebyone" time="1.206"/>
</testsuite> <!-- com.webservice.Testcasses.TC002_POST_RequestMethod -->
