<?xml version="1.0" encoding="UTF-8"?>
<!-- Generated by org.testng.reporters.JUnitReportReporter -->
<testsuite hostname="DESKTOP-FCV5DCP" failures="0" tests="2" name="com.webservice.Testcasses.TC004_Delete_RequestMethod" time="0.065" errors="0" timestamp="23 Sep 2019 11:48:09 GMT" skipped="0">
  <testcase classname="com.webservice.Testcasses.TC004_Delete_RequestMethod" name="checkstatuscode" time="0.024"/>
  <testcase classname="com.webservice.Testcasses.TC004_Delete_RequestMethod" name="responsebody" time="0.041"/>
</testsuite> <!-- com.webservice.Testcasses.TC004_Delete_RequestMethod -->
