<?xml version="1.0" encoding="UTF-8"?>
<!-- Generated by org.testng.reporters.JUnitReportReporter -->
<testsuite hostname="DESKTOP-FCV5DCP" failures="0" tests="4" name="com.webservice.Testcasses.TC003_PUT_RequestMethod" time="1.095" errors="0" timestamp="23 Sep 2019 12:24:25 GMT" skipped="0">
  <testcase classname="com.webservice.Testcasses.TC003_PUT_RequestMethod" name="getbody" time="0.052"/>
  <testcase classname="com.webservice.Testcasses.TC003_PUT_RequestMethod" name="responsecode" time="0.020"/>
  <testcase classname="com.webservice.Testcasses.TC003_PUT_RequestMethod" name="getdatafromresponsebody" time="1.023"/>
  <testcase classname="com.webservice.Testcasses.TC003_PUT_RequestMethod" name="getallheader" time="0.000"/>
</testsuite> <!-- com.webservice.Testcasses.TC003_PUT_RequestMethod -->
