<?xml version="1.0" encoding="UTF-8"?>
<!-- Generated by org.testng.reporters.JUnitReportReporter -->
<testsuite hostname="DESKTOP-FCV5DCP" failures="0" tests="1" name="com.webservice.Testcasses.TC005_GET_Single_Record" time="0.047" errors="0" timestamp="11 Sep 2019 15:10:10 GMT" skipped="0">
  <testcase classname="com.webservice.Testcasses.TC005_GET_Single_Record" name="getstatuscode" time="0.047"/>
</testsuite> <!-- com.webservice.Testcasses.TC005_GET_Single_Record -->
